#Packing pin usage report
Type: io
	Input Pin Usage:
		Max: 1.00 (0.50)
		Avg: 0.45 (0.23)
		Min: 0.00 (0.00)
		Histogram:
		[        0:      0.2) 79 (54.9%) |************************************************
		[      0.2:      0.4)  0 ( 0.0%) |
		[      0.4:      0.6)  0 ( 0.0%) |
		[      0.6:      0.8)  0 ( 0.0%) |
		[      0.8:        1) 65 (45.1%) |***************************************
		[        1:      1.2)  0 ( 0.0%) |
		[      1.2:      1.4)  0 ( 0.0%) |
		[      1.4:      1.6)  0 ( 0.0%) |
		[      1.6:      1.8)  0 ( 0.0%) |
		[      1.8:        2)  0 ( 0.0%) |
	Output Pin Usage:
		Max: 1.00 (1.00)
		Avg: 0.55 (0.55)
		Min: 0.00 (0.00)
		Histogram:
		[        0:      0.1) 65 (45.1%) |***************************************
		[      0.1:      0.2)  0 ( 0.0%) |
		[      0.2:      0.3)  0 ( 0.0%) |
		[      0.3:      0.4)  0 ( 0.0%) |
		[      0.4:      0.5)  0 ( 0.0%) |
		[      0.5:      0.6)  0 ( 0.0%) |
		[      0.6:      0.7)  0 ( 0.0%) |
		[      0.7:      0.8)  0 ( 0.0%) |
		[      0.8:      0.9)  0 ( 0.0%) |
		[      0.9:        1) 79 (54.9%) |************************************************

Type: clb
	Input Pin Usage:
		Max: 22.00 (0.54)
		Avg: 16.59 (0.40)
		Min: 0.00 (0.00)
		Histogram:
		[        0:      4.1)  3 ( 4.8%) |******
		[      4.1:      8.2) 11 (17.5%) |*********************
		[      8.2:       12)  0 ( 0.0%) |
		[       12:       16)  1 ( 1.6%) |**
		[       16:       20) 23 (36.5%) |********************************************
		[       20:       25) 25 (39.7%) |************************************************
		[       25:       29)  0 ( 0.0%) |
		[       29:       33)  0 ( 0.0%) |
		[       33:       37)  0 ( 0.0%) |
		[       37:       41)  0 ( 0.0%) |
	Output Pin Usage:
		Max: 20.00 (1.00)
		Avg: 15.03 (0.75)
		Min: 1.00 (0.05)
		Histogram:
		[        0:        2)  3 ( 4.8%) |*****
		[        2:        4) 12 (19.0%) |******************
		[        4:        6)  0 ( 0.0%) |
		[        6:        8)  0 ( 0.0%) |
		[        8:       10)  0 ( 0.0%) |
		[       10:       12)  0 ( 0.0%) |
		[       12:       14)  0 ( 0.0%) |
		[       14:       16) 16 (25.4%) |************************
		[       16:       18)  0 ( 0.0%) |
		[       18:       20) 32 (50.8%) |************************************************

Type: matmul_4x4
	Input Pin Usage:
		Max: 283.00 (1.00)
		Avg: 283.00 (1.00)
		Min: 283.00 (1.00)
		Histogram:
		[        0:       28) 0 ( 0.0%) |
		[       28:       57) 0 ( 0.0%) |
		[       57:       85) 0 ( 0.0%) |
		[       85:  1.1e+02) 0 ( 0.0%) |
		[  1.1e+02:  1.4e+02) 0 ( 0.0%) |
		[  1.4e+02:  1.7e+02) 0 ( 0.0%) |
		[  1.7e+02:    2e+02) 0 ( 0.0%) |
		[    2e+02:  2.3e+02) 0 ( 0.0%) |
		[  2.3e+02:  2.5e+02) 0 ( 0.0%) |
		[  2.5e+02:  2.8e+02) 4 (100.0%) |*************************************************
	Output Pin Usage:
		Max: 213.00 (1.00)
		Avg: 142.00 (0.66)
		Min: 71.00 (0.33)
		Histogram:
		[        0:       21) 0 ( 0.0%) |
		[       21:       43) 0 ( 0.0%) |
		[       43:       64) 0 ( 0.0%) |
		[       64:       86) 1 (25.0%) |*************************
		[       86:  1.1e+02) 0 ( 0.0%) |
		[  1.1e+02:  1.3e+02) 0 ( 0.0%) |
		[  1.3e+02:  1.5e+02) 2 (50.0%) |*************************************************
		[  1.5e+02:  1.7e+02) 0 ( 0.0%) |
		[  1.7e+02:  1.9e+02) 0 ( 0.0%) |
		[  1.9e+02:  2.1e+02) 1 (25.0%) |*************************

Type: memory
	Input Pin Usage:
		Max: 81.00 (0.84)
		Avg: 81.00 (0.84)
		Min: 81.00 (0.84)
		Histogram:
		[        0:      9.7)  0 ( 0.0%) |
		[      9.7:       19)  0 ( 0.0%) |
		[       19:       29)  0 ( 0.0%) |
		[       29:       39)  0 ( 0.0%) |
		[       39:       48)  0 ( 0.0%) |
		[       48:       58)  0 ( 0.0%) |
		[       58:       68)  0 ( 0.0%) |
		[       68:       78)  0 ( 0.0%) |
		[       78:       87) 16 (100.0%) |************************************************
		[       87:       97)  0 ( 0.0%) |
	Output Pin Usage:
		Max: 32.00 (0.50)
		Avg: 32.00 (0.50)
		Min: 32.00 (0.50)
		Histogram:
		[        0:      6.4)  0 ( 0.0%) |
		[      6.4:       13)  0 ( 0.0%) |
		[       13:       19)  0 ( 0.0%) |
		[       19:       26)  0 ( 0.0%) |
		[       26:       32) 16 (100.0%) |************************************************
		[       32:       38)  0 ( 0.0%) |
		[       38:       45)  0 ( 0.0%) |
		[       45:       51)  0 ( 0.0%) |
		[       51:       58)  0 ( 0.0%) |
		[       58:       64)  0 ( 0.0%) |

