#Packing pin usage report
Type: io
	Input Pin Usage:
		Max: 1.00 (0.50)
		Avg: 0.45 (0.23)
		Min: 0.00 (0.00)
		Histogram:
		[        0:      0.2) 79 (54.9%) |************************************************
		[      0.2:      0.4)  0 ( 0.0%) |
		[      0.4:      0.6)  0 ( 0.0%) |
		[      0.6:      0.8)  0 ( 0.0%) |
		[      0.8:        1) 65 (45.1%) |***************************************
		[        1:      1.2)  0 ( 0.0%) |
		[      1.2:      1.4)  0 ( 0.0%) |
		[      1.4:      1.6)  0 ( 0.0%) |
		[      1.6:      1.8)  0 ( 0.0%) |
		[      1.8:        2)  0 ( 0.0%) |
	Output Pin Usage:
		Max: 1.00 (1.00)
		Avg: 0.55 (0.55)
		Min: 0.00 (0.00)
		Histogram:
		[        0:      0.1) 65 (45.1%) |***************************************
		[      0.1:      0.2)  0 ( 0.0%) |
		[      0.2:      0.3)  0 ( 0.0%) |
		[      0.3:      0.4)  0 ( 0.0%) |
		[      0.4:      0.5)  0 ( 0.0%) |
		[      0.5:      0.6)  0 ( 0.0%) |
		[      0.6:      0.7)  0 ( 0.0%) |
		[      0.7:      0.8)  0 ( 0.0%) |
		[      0.8:      0.9)  0 ( 0.0%) |
		[      0.9:        1) 79 (54.9%) |************************************************

Type: clb
	Input Pin Usage:
		Max: 33.00 (0.80)
		Avg: 13.82 (0.34)
		Min: 0.00 (0.00)
		Histogram:
		[        0:      4.1) 67 (58.8%) |************************************************
		[      4.1:      8.2)  0 ( 0.0%) |
		[      8.2:       12)  0 ( 0.0%) |
		[       12:       16)  0 ( 0.0%) |
		[       16:       20)  8 ( 7.0%) |******
		[       20:       25)  0 ( 0.0%) |
		[       25:       29)  0 ( 0.0%) |
		[       29:       33) 36 (31.6%) |**************************
		[       33:       37)  3 ( 2.6%) |**
		[       37:       41)  0 ( 0.0%) |
	Output Pin Usage:
		Max: 9.00 (0.45)
		Avg: 3.58 (0.18)
		Min: 1.00 (0.05)
		Histogram:
		[        0:        2) 67 (58.8%) |************************************************
		[        2:        4)  1 ( 0.9%) |*
		[        4:        6)  0 ( 0.0%) |
		[        6:        8) 39 (34.2%) |****************************
		[        8:       10)  7 ( 6.1%) |*****
		[       10:       12)  0 ( 0.0%) |
		[       12:       14)  0 ( 0.0%) |
		[       14:       16)  0 ( 0.0%) |
		[       16:       18)  0 ( 0.0%) |
		[       18:       20)  0 ( 0.0%) |

Type: matmul_4x4
	Input Pin Usage:
		Max: 283.00 (1.00)
		Avg: 283.00 (1.00)
		Min: 283.00 (1.00)
		Histogram:
		[        0:       28)  0 ( 0.0%) |
		[       28:       57)  0 ( 0.0%) |
		[       57:       85)  0 ( 0.0%) |
		[       85:  1.1e+02)  0 ( 0.0%) |
		[  1.1e+02:  1.4e+02)  0 ( 0.0%) |
		[  1.4e+02:  1.7e+02)  0 ( 0.0%) |
		[  1.7e+02:    2e+02)  0 ( 0.0%) |
		[    2e+02:  2.3e+02)  0 ( 0.0%) |
		[  2.3e+02:  2.5e+02)  0 ( 0.0%) |
		[  2.5e+02:  2.8e+02) 16 (100.0%) |************************************************
	Output Pin Usage:
		Max: 213.00 (1.00)
		Avg: 170.50 (0.80)
		Min: 71.00 (0.33)
		Histogram:
		[        0:       21) 0 ( 0.0%) |
		[       21:       43) 0 ( 0.0%) |
		[       43:       64) 0 ( 0.0%) |
		[       64:       86) 1 ( 6.2%) |*****
		[       86:  1.1e+02) 0 ( 0.0%) |
		[  1.1e+02:  1.3e+02) 0 ( 0.0%) |
		[  1.3e+02:  1.5e+02) 6 (37.5%) |*********************************
		[  1.5e+02:  1.7e+02) 0 ( 0.0%) |
		[  1.7e+02:  1.9e+02) 0 ( 0.0%) |
		[  1.9e+02:  2.1e+02) 9 (56.2%) |*************************************************

Type: memory
	Input Pin Usage:
		Max: 73.00 (0.75)
		Avg: 73.00 (0.75)
		Min: 73.00 (0.75)
		Histogram:
		[        0:      9.7)  0 ( 0.0%) |
		[      9.7:       19)  0 ( 0.0%) |
		[       19:       29)  0 ( 0.0%) |
		[       29:       39)  0 ( 0.0%) |
		[       39:       48)  0 ( 0.0%) |
		[       48:       58)  0 ( 0.0%) |
		[       58:       68)  0 ( 0.0%) |
		[       68:       78) 12 (100.0%) |************************************************
		[       78:       87)  0 ( 0.0%) |
		[       87:       97)  0 ( 0.0%) |
	Output Pin Usage:
		Max: 64.00 (1.00)
		Avg: 64.00 (1.00)
		Min: 64.00 (1.00)
		Histogram:
		[        0:      6.4)  0 ( 0.0%) |
		[      6.4:       13)  0 ( 0.0%) |
		[       13:       19)  0 ( 0.0%) |
		[       19:       26)  0 ( 0.0%) |
		[       26:       32)  0 ( 0.0%) |
		[       32:       38)  0 ( 0.0%) |
		[       38:       45)  0 ( 0.0%) |
		[       45:       51)  0 ( 0.0%) |
		[       51:       58)  0 ( 0.0%) |
		[       58:       64) 12 (100.0%) |************************************************

